$ rasa shell --debug --model models/20231024-094719-rude-render.tar.gz
/home/rasa/.local/share/virtualenvs/rasa-shell-vs-interactive-AZJUuaYc/lib64/python3.9/site-packages/rasa/core/tracker_store.py:1044: MovedIn20Warning: Deprecated API features detected! These feature(s) are not compatible with SQLAlchemy 2.0. To prevent incompatible upgrades prior to updating applications, ensure requirements files are pinned to "sqlalchemy<2.0". Set environment variable SQLALCHEMY_WARN_20=1 to show all deprecation warnings.  Set environment variable SQLALCHEMY_SILENCE_UBER_WARNING=1 to silence this message. (Background on SQLAlchemy 2.0 at: https://sqlalche.me/e/b8d9)
  Base: DeclarativeMeta = declarative_base()
/home/rasa/.local/share/virtualenvs/rasa-shell-vs-interactive-AZJUuaYc/lib64/python3.9/site-packages/rasa/shared/utils/validation.py:134: DeprecationWarning: pkg_resources is deprecated as an API. See https://setuptools.pypa.io/en/latest/pkg_resources.html
  import pkg_resources
/home/rasa/.local/share/virtualenvs/rasa-shell-vs-interactive-AZJUuaYc/lib64/python3.9/site-packages/pkg_resources/__init__.py:2871: DeprecationWarning: Deprecated call to `pkg_resources.declare_namespace('mpl_toolkits')`.
Implementing implicit namespace packages (as specified in PEP 420) is preferred to `pkg_resources.declare_namespace`. See https://setuptools.pypa.io/en/latest/references/keywords.html#keyword-namespace-packages
  declare_namespace(pkg)
/home/rasa/.local/share/virtualenvs/rasa-shell-vs-interactive-AZJUuaYc/lib64/python3.9/site-packages/pkg_resources/__init__.py:2871: DeprecationWarning: Deprecated call to `pkg_resources.declare_namespace('ruamel')`.
Implementing implicit namespace packages (as specified in PEP 420) is preferred to `pkg_resources.declare_namespace`. See https://setuptools.pypa.io/en/latest/references/keywords.html#keyword-namespace-packages
  declare_namespace(pkg)
/home/rasa/.local/share/virtualenvs/rasa-shell-vs-interactive-AZJUuaYc/lib64/python3.9/site-packages/rasa/shared/core/slot_mappings.py:224: UserWarning: Slot auto-fill has been removed in 3.0 and replaced with a new explicit mechanism to set slots. Please refer to https://rasa.com/docs/rasa/domain#slots to learn more.
  rasa.shared.utils.io.raise_warning(
2023-10-24 10:54:51 DEBUG    h5py._conv  - Creating converter from 7 to 5
2023-10-24 10:54:51 DEBUG    h5py._conv  - Creating converter from 5 to 7
2023-10-24 10:54:51 DEBUG    h5py._conv  - Creating converter from 7 to 5
2023-10-24 10:54:51 DEBUG    h5py._conv  - Creating converter from 5 to 7
/home/rasa/.local/share/virtualenvs/rasa-shell-vs-interactive-AZJUuaYc/lib64/python3.9/site-packages/future/standard_library/__init__.py:65: DeprecationWarning: the imp module is deprecated in favour of importlib; see the module's documentation for alternative uses
  import imp
2023-10-24 10:54:53 DEBUG    rasa.telemetry  - Skipping telemetry reporting: no license hash found.
2023-10-24 10:54:53 DEBUG    rasa.cli.utils  - Parameter 'credentials' not set. Using default location 'credentials.yml' instead.
/home/rasa/.local/share/virtualenvs/rasa-shell-vs-interactive-AZJUuaYc/lib64/python3.9/site-packages/sanic_cors/extension.py:39: DeprecationWarning: distutils Version classes are deprecated. Use packaging.version instead.
  SANIC_VERSION = LooseVersion(sanic_version)
2023-10-24 10:54:53 INFO     root  - Connecting to channel 'cmdline' which was specified by the '--connector' argument. Any other channels will be ignored. To connect to all given channels, omit the '--connector' argument.
2023-10-24 10:54:53 DEBUG    sanic.root  - Sanic-CORS: Configuring CORS with resources: {'/*': {'origins': [''], 'methods': 'DELETE, GET, HEAD, OPTIONS, PATCH, POST, PUT', 'allow_headers': ['.*'], 'expose_headers': 'filename', 'supports_credentials': True, 'max_age': None, 'send_wildcard': False, 'automatic_options': True, 'vary_header': True, 'resources': {'/*': {'origins': ''}}, 'intercept_exceptions': True, 'always_send': True}}
2023-10-24 10:54:53 DEBUG    rasa.core.utils  - Available web server routes: 
/webhooks/rest                                     GET                            rasa_core_no_api.custom_webhook_CmdlineInput.health
/webhooks/rest/webhook                             POST                           rasa_core_no_api.custom_webhook_CmdlineInput.receive
/                                                  GET                            rasa_core_no_api.hello
2023-10-24 10:54:53 INFO     root  - Starting Rasa server on http://0.0.0.0:5005
2023-10-24 10:54:53 DEBUG    rasa.core.utils  - Using the default number of Sanic workers (1).
/home/rasa/.local/share/virtualenvs/rasa-shell-vs-interactive-AZJUuaYc/lib64/python3.9/site-packages/rasa/shared/core/slot_mappings.py:224: UserWarning: Slot auto-fill has been removed in 3.0 and replaced with a new explicit mechanism to set slots. Please refer to https://rasa.com/docs/rasa/domain#slots to learn more.
  rasa.shared.utils.io.raise_warning(
2023-10-24 10:54:53 DEBUG    rasa.telemetry  - Skipping telemetry reporting: no license hash found.
2023-10-24 10:54:53 DEBUG    rasa.core.tracker_store  - Connected to InMemoryTrackerStore.
2023-10-24 10:54:53 DEBUG    rasa.core.lock_store  - Connected to lock store 'InMemoryLockStore'.
2023-10-24 10:54:53 DEBUG    rasa.core.nlg.generator  - Instantiated NLG to 'TemplatedNaturalLanguageGenerator'.
2023-10-24 10:54:53 INFO     rasa.core.processor  - Loading model models/20231024-094719-rude-render.tar.gz...
2023-10-24 10:54:53 DEBUG    rasa.engine.storage.local_model_storage  - Extracted model to '/tmp/tmp2pl4lc4t'.
/home/rasa/.local/share/virtualenvs/rasa-shell-vs-interactive-AZJUuaYc/lib64/python3.9/site-packages/rasa/shared/core/slot_mappings.py:224: UserWarning: Slot auto-fill has been removed in 3.0 and replaced with a new explicit mechanism to set slots. Please refer to https://rasa.com/docs/rasa/domain#slots to learn more.
  rasa.shared.utils.io.raise_warning(
2023-10-24 10:54:53 DEBUG    rasa.engine.graph  - Node 'nlu_message_converter' loading 'NLUMessageConverter.load' and kwargs: '{}'.
2023-10-24 10:54:53 DEBUG    rasa.engine.graph  - Node 'run_WhitespaceTokenizer0' loading 'WhitespaceTokenizer.load' and kwargs: '{}'.
2023-10-24 10:54:53 DEBUG    rasa.engine.graph  - Node 'run_RegexFeaturizer1' loading 'RegexFeaturizer.load' and kwargs: '{}'.
2023-10-24 10:54:53 DEBUG    rasa.engine.storage.local_model_storage  - Resource 'train_RegexFeaturizer1' was requested for reading.
2023-10-24 10:54:53 DEBUG    rasa.engine.graph  - Node 'run_LexicalSyntacticFeaturizer2' loading 'LexicalSyntacticFeaturizer.load' and kwargs: '{}'.
2023-10-24 10:54:53 DEBUG    rasa.engine.storage.local_model_storage  - Resource 'train_LexicalSyntacticFeaturizer2' was requested for reading.
2023-10-24 10:54:53 DEBUG    rasa.engine.graph  - Node 'run_CountVectorsFeaturizer3' loading 'CountVectorsFeaturizer.load' and kwargs: '{}'.
2023-10-24 10:54:53 DEBUG    rasa.engine.storage.local_model_storage  - Resource 'train_CountVectorsFeaturizer3' was requested for reading.
2023-10-24 10:54:53 DEBUG    rasa.engine.graph  - Node 'run_CountVectorsFeaturizer4' loading 'CountVectorsFeaturizer.load' and kwargs: '{}'.
2023-10-24 10:54:53 DEBUG    rasa.engine.storage.local_model_storage  - Resource 'train_CountVectorsFeaturizer4' was requested for reading.
2023-10-24 10:54:53 DEBUG    rasa.engine.graph  - Node 'run_DIETClassifier5' loading 'DIETClassifier.load' and kwargs: '{}'.
2023-10-24 10:54:53 DEBUG    rasa.engine.storage.local_model_storage  - Resource 'train_DIETClassifier5' was requested for reading.
2023-10-24 10:54:53 DEBUG    rasa.utils.tensorflow.models  - Loading the model from /tmp/tmpxyfk7mu0/train_DIETClassifier5/DIETClassifier.tf_model with finetune_mode=False...
2023-10-24 10:54:53 DEBUG    rasa.nlu.classifiers.diet_classifier  - You specified 'DIET' to train entities, but no entities are present in the training data. Skipping training of entities.
2023-10-24 10:54:54 DEBUG    rasa.nlu.classifiers.diet_classifier  - Following metrics will be logged during training: 
2023-10-24 10:54:54 DEBUG    rasa.nlu.classifiers.diet_classifier  -   t_loss (total loss)
2023-10-24 10:54:54 DEBUG    rasa.nlu.classifiers.diet_classifier  -   i_acc (intent acc)
2023-10-24 10:54:54 DEBUG    rasa.nlu.classifiers.diet_classifier  -   i_loss (intent loss)
2023-10-24 10:55:03 DEBUG    rasa.utils.tensorflow.models  - Finished loading the model.
2023-10-24 10:55:03 DEBUG    rasa.engine.graph  - Node 'run_EntitySynonymMapper6' loading 'EntitySynonymMapper.load' and kwargs: '{}'.
2023-10-24 10:55:03 DEBUG    rasa.engine.storage.local_model_storage  - Resource 'train_EntitySynonymMapper6' was requested for reading.
2023-10-24 10:55:03 DEBUG    rasa.nlu.extractors.entity_synonyms  - Failed to load ABCMeta from model storage. Resource 'train_EntitySynonymMapper6' doesn't exist.
2023-10-24 10:55:03 DEBUG    rasa.engine.graph  - Node 'run_ResponseSelector7' loading 'ResponseSelector.load' and kwargs: '{}'.
2023-10-24 10:55:03 DEBUG    rasa.engine.storage.local_model_storage  - Resource 'train_ResponseSelector7' was requested for reading.
2023-10-24 10:55:03 DEBUG    rasa.nlu.classifiers.diet_classifier  - Failed to load ABCMeta from model storage. Resource 'train_ResponseSelector7' doesn't exist.
2023-10-24 10:55:03 DEBUG    rasa.engine.storage.local_model_storage  - Resource 'train_ResponseSelector7' was requested for reading.
2023-10-24 10:55:03 DEBUG    rasa.nlu.selectors.response_selector  - Failed to load ResponseSelector from model storage. Resource 'train_ResponseSelector7' doesn't exist.
2023-10-24 10:55:03 DEBUG    rasa.engine.graph  - Node 'run_FallbackClassifier8' loading 'FallbackClassifier.load' and kwargs: '{}'.
2023-10-24 10:55:03 DEBUG    rasa.engine.graph  - Node 'run_RegexMessageHandler' loading 'RegexMessageHandler.load' and kwargs: '{}'.
2023-10-24 10:55:03 DEBUG    rasa.engine.graph  - Node 'domain_provider' loading 'DomainProvider.load' and kwargs: '{}'.
2023-10-24 10:55:03 DEBUG    rasa.engine.storage.local_model_storage  - Resource 'domain_provider' was requested for reading.
2023-10-24 10:55:03 DEBUG    rasa.engine.graph  - Node 'run_MemoizationPolicy0' loading 'MemoizationPolicy.load' and kwargs: '{}'.
2023-10-24 10:55:03 DEBUG    rasa.engine.storage.local_model_storage  - Resource 'train_MemoizationPolicy0' was requested for reading.
2023-10-24 10:55:03 DEBUG    rasa.engine.graph  - Node 'run_RulePolicy1' loading 'RulePolicy.load' and kwargs: '{}'.
2023-10-24 10:55:03 DEBUG    rasa.engine.storage.local_model_storage  - Resource 'train_RulePolicy1' was requested for reading.
2023-10-24 10:55:03 DEBUG    rasa.engine.graph  - Node 'run_TEDPolicy2' loading 'TEDPolicy.load' and kwargs: '{}'.
2023-10-24 10:55:03 DEBUG    rasa.engine.storage.local_model_storage  - Resource 'train_TEDPolicy2' was requested for reading.
2023-10-24 10:55:03 DEBUG    rasa.utils.tensorflow.models  - Loading the model from /tmp/tmpxyfk7mu0/train_TEDPolicy2/ted_policy.tf_model with finetune_mode=False...
2023-10-24 10:55:13 DEBUG    rasa.utils.tensorflow.models  - Finished loading the model.
2023-10-24 10:55:13 DEBUG    rasa.engine.graph  - Node 'rule_only_data_provider' loading 'RuleOnlyDataProvider.load' and kwargs: '{}'.
2023-10-24 10:55:13 DEBUG    rasa.engine.storage.local_model_storage  - Resource 'train_RulePolicy1' was requested for reading.
2023-10-24 10:55:13 DEBUG    rasa.engine.graph  - Node 'select_prediction' loading 'DefaultPolicyPredictionEnsemble.load' and kwargs: '{}'.
2023-10-24 10:55:13 INFO     root  - Rasa server is up and running.
2023-10-24 10:55:13 INFO     root  - Enabling coroutine debugging. Loop id 94345239202448.
2023-10-24 10:55:13 DEBUG    root  - No action endpoint found after server start.
2023-10-24 10:55:13 DEBUG    root  - No model server endpoint found after server start.
Bot loaded. Type a message and press enter (use '/stop' to exit): 
Your input ->  are you a human?                                                                                                                                                                                                                                                                                             
2023-10-24 10:55:19 DEBUG    rasa.core.lock_store  - Issuing ticket for conversation '2cbd14f3609f4a5f911f6a274d6b4308'.
2023-10-24 10:55:19 DEBUG    rasa.core.lock_store  - Acquiring lock for conversation '2cbd14f3609f4a5f911f6a274d6b4308'.
2023-10-24 10:55:19 DEBUG    rasa.core.lock_store  - Acquired lock for conversation '2cbd14f3609f4a5f911f6a274d6b4308'.
2023-10-24 10:55:19 DEBUG    rasa.core.tracker_store  - Could not find tracker for conversation ID '2cbd14f3609f4a5f911f6a274d6b4308'.
2023-10-24 10:55:19 DEBUG    rasa.core.tracker_store  - No event broker configured. Skipping streaming events.
2023-10-24 10:55:19 DEBUG    rasa.core.processor  - Starting a new session for conversation ID '2cbd14f3609f4a5f911f6a274d6b4308'.
2023-10-24 10:55:19 DEBUG    rasa.core.processor  - [debug    ] processor.actions.policy_prediction prediction_events=[]
2023-10-24 10:55:19 DEBUG    rasa.core.processor  - [debug    ] processor.actions.log          action_name=action_session_start rasa_events=[<rasa.shared.core.events.SessionStarted object at 0x7f099c874df0>, ActionExecuted(action: action_listen, policy: None, confidence: None)]
2023-10-24 10:55:19 DEBUG    rasa.core.processor  - [debug    ] processor.slots.log            slot_values=     closing_feedback: None
        requested_slot: None
        session_started_metadata: None
2023-10-24 10:55:19 DEBUG    rasa.engine.runner.dask  - Running graph with inputs: {'__message__': [<rasa.core.channels.channel.UserMessage object at 0x7f099d0d6970>], '__tracker__': <rasa.shared.core.trackers.DialogueStateTracker object at 0x7f099c80fd00>}, targets: ['run_RegexMessageHandler'] and ExecutionContext(model_id='3b1ceede0a7e4f0b901cb770e2867739', should_add_diagnostic_data=False, is_finetuning=False, node_name=None).
2023-10-24 10:55:19 DEBUG    rasa.engine.graph  - Node 'nlu_message_converter' running 'NLUMessageConverter.convert_user_message'.
2023-10-24 10:55:19 DEBUG    rasa.engine.graph  - Node 'run_WhitespaceTokenizer0' running 'WhitespaceTokenizer.process'.
2023-10-24 10:55:19 DEBUG    rasa.engine.graph  - Node 'run_RegexFeaturizer1' running 'RegexFeaturizer.process'.
2023-10-24 10:55:19 DEBUG    rasa.engine.graph  - Node 'run_LexicalSyntacticFeaturizer2' running 'LexicalSyntacticFeaturizer.process'.
2023-10-24 10:55:19 DEBUG    rasa.engine.graph  - Node 'run_CountVectorsFeaturizer3' running 'CountVectorsFeaturizer.process'.
2023-10-24 10:55:19 DEBUG    rasa.engine.graph  - Node 'run_CountVectorsFeaturizer4' running 'CountVectorsFeaturizer.process'.
2023-10-24 10:55:19 DEBUG    rasa.engine.graph  - Node 'run_DIETClassifier5' running 'DIETClassifier.process'.
2023-10-24 10:55:20 DEBUG    rasa.engine.graph  - Node 'run_EntitySynonymMapper6' running 'EntitySynonymMapper.process'.
2023-10-24 10:55:20 DEBUG    rasa.engine.graph  - Node 'run_ResponseSelector7' running 'ResponseSelector.process'.
2023-10-24 10:55:20 DEBUG    rasa.nlu.classifiers.diet_classifier  - There is no trained model for 'ResponseSelector': The component is either not trained or didn't receive enough training data.
2023-10-24 10:55:20 DEBUG    rasa.nlu.selectors.response_selector  - Adding following selector key to message property: default
2023-10-24 10:55:20 DEBUG    rasa.engine.graph  - Node 'run_FallbackClassifier8' running 'FallbackClassifier.process'.
2023-10-24 10:55:20 DEBUG    rasa.engine.graph  - Node 'domain_provider' running 'DomainProvider.provide_inference'.
2023-10-24 10:55:20 DEBUG    rasa.engine.graph  - Node 'run_RegexMessageHandler' running 'RegexMessageHandler.process'.
2023-10-24 10:55:20 DEBUG    rasa.core.processor  - [debug    ] processor.message.parse        parse_data_entities=[] parse_data_intent={'name': 'intent_live_chat', 'confidence': 0.999998927116394} parse_data_text=are you a human?
2023-10-24 10:55:20 DEBUG    rasa.core.processor  - Logged UserUtterance - tracker now has 4 events.
2023-10-24 10:55:20 DEBUG    rasa.core.actions.action  - Validating extracted slots: 
2023-10-24 10:55:20 DEBUG    rasa.core.processor  - [debug    ] processor.extract.slots        action_extract_slot=action_extract_slots len_extraction_events=0 rasa_events=[]
2023-10-24 10:55:20 DEBUG    rasa.engine.runner.dask  - Running graph with inputs: {'__tracker__': <rasa.shared.core.trackers.DialogueStateTracker object at 0x7f099c80fd00>}, targets: ['select_prediction'] and ExecutionContext(model_id='3b1ceede0a7e4f0b901cb770e2867739', should_add_diagnostic_data=False, is_finetuning=False, node_name=None).
2023-10-24 10:55:20 DEBUG    rasa.engine.graph  - Node 'rule_only_data_provider' running 'RuleOnlyDataProvider.provide'.
2023-10-24 10:55:20 DEBUG    rasa.engine.graph  - Node 'domain_provider' running 'DomainProvider.provide_inference'.
2023-10-24 10:55:20 DEBUG    rasa.engine.graph  - Node 'run_MemoizationPolicy0' running 'MemoizationPolicy.predict_action_probabilities'.
2023-10-24 10:55:20 DEBUG    rasa.core.policies.memoization  - [debug    ] memoization.predict.actions    tracker_states=[{}, {'user': {'intent': 'intent_live_chat'}, 'prev_action': {'action_name': 'action_listen'}}]
2023-10-24 10:55:20 DEBUG    rasa.core.policies.memoization  - There is a memorised next action 'utter_live_chat'
2023-10-24 10:55:20 DEBUG    rasa.engine.graph  - Node 'run_RulePolicy1' running 'RulePolicy.predict_action_probabilities'.
2023-10-24 10:55:20 DEBUG    rasa.core.policies.rule_policy  - [debug    ] rule_policy.actions.find       current_states=
[state 1] user text: are you a human? | previous action name: action_listen
2023-10-24 10:55:20 DEBUG    rasa.core.policies.rule_policy  - There is no applicable rule.
2023-10-24 10:55:20 DEBUG    rasa.core.policies.rule_policy  - [debug    ] rule_policy.actions.find       current_states=
[state 1] user intent: intent_live_chat | previous action name: action_listen
2023-10-24 10:55:20 DEBUG    rasa.core.policies.rule_policy  - There is no applicable rule.
2023-10-24 10:55:20 DEBUG    rasa.engine.graph  - Node 'run_TEDPolicy2' running 'TEDPolicy.predict_action_probabilities'.
2023-10-24 10:55:20 DEBUG    rasa.core.policies.ted_policy  - TED predicted 'utter_live_chat' based on user intent.
2023-10-24 10:55:20 DEBUG    rasa.engine.graph  - Node 'select_prediction' running 'DefaultPolicyPredictionEnsemble.combine_predictions_from_kwargs'.
2023-10-24 10:55:20 DEBUG    rasa.core.policies.ensemble  - Made prediction using user intent.
2023-10-24 10:55:20 DEBUG    rasa.core.policies.ensemble  - Added `DefinePrevUserUtteredFeaturization(False)` event.
2023-10-24 10:55:20 DEBUG    rasa.core.policies.ensemble  - Predicted next action using MemoizationPolicy.
2023-10-24 10:55:20 DEBUG    rasa.core.processor  - Predicted next action 'utter_live_chat' with confidence 1.00.
2023-10-24 10:55:20 DEBUG    rasa.core.processor  - [debug    ] processor.actions.policy_prediction prediction_events=[<rasa.shared.core.events.DefinePrevUserUtteredFeaturization object at 0x7f099d0d6a90>]
2023-10-24 10:55:20 DEBUG    rasa.core.processor  - [debug    ] processor.actions.log          action_name=utter_live_chat rasa_events=[BotUttered('I don't support live chat, but you can leave feedback for my team to review.', {"elements": null, "quick_replies": null, "buttons": null, "attachment": null, "image": null, "custom": null}, {"utter_action": "utter_live_chat"}, 1698166520.1752975)]
2023-10-24 10:55:20 DEBUG    rasa.engine.runner.dask  - Running graph with inputs: {'__tracker__': <rasa.shared.core.trackers.DialogueStateTracker object at 0x7f099c80fd00>}, targets: ['select_prediction'] and ExecutionContext(model_id='3b1ceede0a7e4f0b901cb770e2867739', should_add_diagnostic_data=False, is_finetuning=False, node_name=None).
2023-10-24 10:55:20 DEBUG    rasa.engine.graph  - Node 'rule_only_data_provider' running 'RuleOnlyDataProvider.provide'.
2023-10-24 10:55:20 DEBUG    rasa.engine.graph  - Node 'domain_provider' running 'DomainProvider.provide_inference'.
2023-10-24 10:55:20 DEBUG    rasa.engine.graph  - Node 'run_MemoizationPolicy0' running 'MemoizationPolicy.predict_action_probabilities'.
2023-10-24 10:55:20 DEBUG    rasa.core.policies.memoization  - [debug    ] memoization.predict.actions    tracker_states=[{}, {'user': {'intent': 'intent_live_chat'}, 'prev_action': {'action_name': 'action_listen'}}, {'user': {'intent': 'intent_live_chat'}, 'prev_action': {'action_name': 'utter_live_chat'}}]
2023-10-24 10:55:20 DEBUG    rasa.core.policies.memoization  - There is a memorised next action 'utter_live_chat_feedback'
2023-10-24 10:55:20 DEBUG    rasa.engine.graph  - Node 'run_RulePolicy1' running 'RulePolicy.predict_action_probabilities'.
2023-10-24 10:55:20 DEBUG    rasa.core.policies.rule_policy  - [debug    ] rule_policy.actions.find       current_states=
[state 1] user intent: intent_live_chat | previous action name: action_listen
[state 2] user intent: intent_live_chat | previous action name: utter_live_chat
2023-10-24 10:55:20 DEBUG    rasa.core.policies.rule_policy  - There is no applicable rule.
2023-10-24 10:55:20 DEBUG    rasa.engine.graph  - Node 'run_TEDPolicy2' running 'TEDPolicy.predict_action_probabilities'.
2023-10-24 10:55:20 DEBUG    rasa.core.policies.ted_policy  - TED predicted 'utter_live_chat_feedback' based on user intent.
2023-10-24 10:55:20 DEBUG    rasa.engine.graph  - Node 'select_prediction' running 'DefaultPolicyPredictionEnsemble.combine_predictions_from_kwargs'.
2023-10-24 10:55:20 DEBUG    rasa.core.policies.ensemble  - Predicted next action using MemoizationPolicy.
2023-10-24 10:55:20 DEBUG    rasa.core.processor  - Predicted next action 'utter_live_chat_feedback' with confidence 1.00.
2023-10-24 10:55:20 DEBUG    rasa.core.processor  - [debug    ] processor.actions.policy_prediction prediction_events=[]
2023-10-24 10:55:20 DEBUG    rasa.core.processor  - [debug    ] processor.actions.log          action_name=utter_live_chat_feedback rasa_events=[BotUttered('Would you like to submit any feedback?', {"elements": null, "quick_replies": null, "buttons": null, "attachment": null, "image": null, "custom": null}, {"utter_action": "utter_live_chat_feedback"}, 1698166520.193113)]
2023-10-24 10:55:20 DEBUG    rasa.engine.runner.dask  - Running graph with inputs: {'__tracker__': <rasa.shared.core.trackers.DialogueStateTracker object at 0x7f099c80fd00>}, targets: ['select_prediction'] and ExecutionContext(model_id='3b1ceede0a7e4f0b901cb770e2867739', should_add_diagnostic_data=False, is_finetuning=False, node_name=None).
2023-10-24 10:55:20 DEBUG    rasa.engine.graph  - Node 'rule_only_data_provider' running 'RuleOnlyDataProvider.provide'.
2023-10-24 10:55:20 DEBUG    rasa.engine.graph  - Node 'domain_provider' running 'DomainProvider.provide_inference'.
2023-10-24 10:55:20 DEBUG    rasa.engine.graph  - Node 'run_MemoizationPolicy0' running 'MemoizationPolicy.predict_action_probabilities'.
2023-10-24 10:55:20 DEBUG    rasa.core.policies.memoization  - [debug    ] memoization.predict.actions    tracker_states=[{}, {'user': {'intent': 'intent_live_chat'}, 'prev_action': {'action_name': 'action_listen'}}, {'user': {'intent': 'intent_live_chat'}, 'prev_action': {'action_name': 'utter_live_chat'}}, {'user': {'intent': 'intent_live_chat'}, 'prev_action': {'action_name': 'utter_live_chat_feedback'}}]
2023-10-24 10:55:20 DEBUG    rasa.core.policies.memoization  - There is a memorised next action 'action_listen'
2023-10-24 10:55:20 DEBUG    rasa.engine.graph  - Node 'run_RulePolicy1' running 'RulePolicy.predict_action_probabilities'.
2023-10-24 10:55:20 DEBUG    rasa.core.policies.rule_policy  - [debug    ] rule_policy.actions.find       current_states=
[state 1] user intent: intent_live_chat | previous action name: action_listen
[state 2] user intent: intent_live_chat | previous action name: utter_live_chat
[state 3] user intent: intent_live_chat | previous action name: utter_live_chat_feedback
2023-10-24 10:55:20 DEBUG    rasa.core.policies.rule_policy  - There is no applicable rule.
2023-10-24 10:55:20 DEBUG    rasa.engine.graph  - Node 'run_TEDPolicy2' running 'TEDPolicy.predict_action_probabilities'.
2023-10-24 10:55:20 DEBUG    rasa.core.policies.ted_policy  - TED predicted 'action_listen' based on user intent.
2023-10-24 10:55:20 DEBUG    rasa.engine.graph  - Node 'select_prediction' running 'DefaultPolicyPredictionEnsemble.combine_predictions_from_kwargs'.
2023-10-24 10:55:20 DEBUG    rasa.core.policies.ensemble  - Predicted next action using MemoizationPolicy.
2023-10-24 10:55:20 DEBUG    rasa.core.processor  - Predicted next action 'action_listen' with confidence 1.00.
2023-10-24 10:55:20 DEBUG    rasa.core.processor  - [debug    ] processor.actions.policy_prediction prediction_events=[]
2023-10-24 10:55:20 DEBUG    rasa.core.processor  - [debug    ] processor.actions.log          action_name=action_listen rasa_events=[]
2023-10-24 10:55:20 DEBUG    rasa.core.tracker_store  - No event broker configured. Skipping streaming events.
2023-10-24 10:55:20 DEBUG    rasa.core.lock_store  - Deleted lock for conversation '2cbd14f3609f4a5f911f6a274d6b4308'.
I don't support live chat, but you can leave feedback for my team to review.
Would you like to submit any feedback?
Your input ->  yes                                                                                                                                                                                                                                                                                                          
2023-10-24 10:55:23 DEBUG    rasa.core.lock_store  - Issuing ticket for conversation '2cbd14f3609f4a5f911f6a274d6b4308'.
2023-10-24 10:55:23 DEBUG    rasa.core.lock_store  - Acquiring lock for conversation '2cbd14f3609f4a5f911f6a274d6b4308'.
2023-10-24 10:55:23 DEBUG    rasa.core.lock_store  - Acquired lock for conversation '2cbd14f3609f4a5f911f6a274d6b4308'.
2023-10-24 10:55:23 DEBUG    rasa.core.tracker_store  - Recreating tracker for id '2cbd14f3609f4a5f911f6a274d6b4308'
2023-10-24 10:55:23 DEBUG    rasa.engine.runner.dask  - Running graph with inputs: {'__message__': [<rasa.core.channels.channel.UserMessage object at 0x7f099d01a550>], '__tracker__': <rasa.shared.core.trackers.DialogueStateTracker object at 0x7f099c154d90>}, targets: ['run_RegexMessageHandler'] and ExecutionContext(model_id='3b1ceede0a7e4f0b901cb770e2867739', should_add_diagnostic_data=False, is_finetuning=False, node_name=None).
2023-10-24 10:55:23 DEBUG    rasa.engine.graph  - Node 'nlu_message_converter' running 'NLUMessageConverter.convert_user_message'.
2023-10-24 10:55:23 DEBUG    rasa.engine.graph  - Node 'run_WhitespaceTokenizer0' running 'WhitespaceTokenizer.process'.
2023-10-24 10:55:23 DEBUG    rasa.engine.graph  - Node 'run_RegexFeaturizer1' running 'RegexFeaturizer.process'.
2023-10-24 10:55:23 DEBUG    rasa.engine.graph  - Node 'run_LexicalSyntacticFeaturizer2' running 'LexicalSyntacticFeaturizer.process'.
2023-10-24 10:55:23 DEBUG    rasa.engine.graph  - Node 'run_CountVectorsFeaturizer3' running 'CountVectorsFeaturizer.process'.
2023-10-24 10:55:23 DEBUG    rasa.engine.graph  - Node 'run_CountVectorsFeaturizer4' running 'CountVectorsFeaturizer.process'.
2023-10-24 10:55:23 DEBUG    rasa.engine.graph  - Node 'run_DIETClassifier5' running 'DIETClassifier.process'.
2023-10-24 10:55:23 DEBUG    rasa.engine.graph  - Node 'run_EntitySynonymMapper6' running 'EntitySynonymMapper.process'.
2023-10-24 10:55:23 DEBUG    rasa.engine.graph  - Node 'run_ResponseSelector7' running 'ResponseSelector.process'.
2023-10-24 10:55:23 DEBUG    rasa.nlu.classifiers.diet_classifier  - There is no trained model for 'ResponseSelector': The component is either not trained or didn't receive enough training data.
2023-10-24 10:55:23 DEBUG    rasa.nlu.selectors.response_selector  - Adding following selector key to message property: default
2023-10-24 10:55:23 DEBUG    rasa.engine.graph  - Node 'run_FallbackClassifier8' running 'FallbackClassifier.process'.
2023-10-24 10:55:23 DEBUG    rasa.engine.graph  - Node 'domain_provider' running 'DomainProvider.provide_inference'.
2023-10-24 10:55:23 DEBUG    rasa.engine.graph  - Node 'run_RegexMessageHandler' running 'RegexMessageHandler.process'.
2023-10-24 10:55:23 DEBUG    rasa.core.processor  - [debug    ] processor.message.parse        parse_data_entities=[] parse_data_intent={'name': 'intent_core_yes', 'confidence': 1.0} parse_data_text=yes
2023-10-24 10:55:23 DEBUG    rasa.core.processor  - Logged UserUtterance - tracker now has 11 events.
2023-10-24 10:55:23 DEBUG    rasa.core.actions.action  - Validating extracted slots: 
2023-10-24 10:55:23 DEBUG    rasa.core.processor  - [debug    ] processor.extract.slots        action_extract_slot=action_extract_slots len_extraction_events=0 rasa_events=[]
2023-10-24 10:55:23 DEBUG    rasa.engine.runner.dask  - Running graph with inputs: {'__tracker__': <rasa.shared.core.trackers.DialogueStateTracker object at 0x7f099c154d90>}, targets: ['select_prediction'] and ExecutionContext(model_id='3b1ceede0a7e4f0b901cb770e2867739', should_add_diagnostic_data=False, is_finetuning=False, node_name=None).
2023-10-24 10:55:23 DEBUG    rasa.engine.graph  - Node 'rule_only_data_provider' running 'RuleOnlyDataProvider.provide'.
2023-10-24 10:55:23 DEBUG    rasa.engine.graph  - Node 'domain_provider' running 'DomainProvider.provide_inference'.
2023-10-24 10:55:23 DEBUG    rasa.engine.graph  - Node 'run_MemoizationPolicy0' running 'MemoizationPolicy.predict_action_probabilities'.
2023-10-24 10:55:23 DEBUG    rasa.core.policies.memoization  - [debug    ] memoization.predict.actions    tracker_states=[{}, {'user': {'intent': 'intent_live_chat'}, 'prev_action': {'action_name': 'action_listen'}}, {'user': {'intent': 'intent_live_chat'}, 'prev_action': {'action_name': 'utter_live_chat'}}, {'user': {'intent': 'intent_live_chat'}, 'prev_action': {'action_name': 'utter_live_chat_feedback'}}, {'user': {'intent': 'intent_core_yes'}, 'prev_action': {'action_name': 'action_listen'}}]
2023-10-24 10:55:23 DEBUG    rasa.core.policies.memoization  - There is no memorised next action
2023-10-24 10:55:23 DEBUG    rasa.engine.graph  - Node 'run_RulePolicy1' running 'RulePolicy.predict_action_probabilities'.
2023-10-24 10:55:23 DEBUG    rasa.core.policies.rule_policy  - [debug    ] rule_policy.actions.find       current_states=
[state 1] user intent: intent_live_chat | previous action name: action_listen
[state 2] user intent: intent_live_chat | previous action name: utter_live_chat
[state 3] user intent: intent_live_chat | previous action name: utter_live_chat_feedback
[state 4] user text: yes | previous action name: action_listen
2023-10-24 10:55:23 DEBUG    rasa.core.policies.rule_policy  - There is no applicable rule.
2023-10-24 10:55:23 DEBUG    rasa.core.policies.rule_policy  - [debug    ] rule_policy.actions.find       current_states=
[state 1] user intent: intent_live_chat | previous action name: action_listen
[state 2] user intent: intent_live_chat | previous action name: utter_live_chat
[state 3] user intent: intent_live_chat | previous action name: utter_live_chat_feedback
[state 4] user intent: intent_core_yes | previous action name: action_listen
2023-10-24 10:55:23 DEBUG    rasa.core.policies.rule_policy  - There is no applicable rule.
2023-10-24 10:55:23 DEBUG    rasa.engine.graph  - Node 'run_TEDPolicy2' running 'TEDPolicy.predict_action_probabilities'.
2023-10-24 10:55:23 DEBUG    rasa.core.policies.ted_policy  - TED predicted 'utter_closing_type_below' based on user intent.
2023-10-24 10:55:23 DEBUG    rasa.engine.graph  - Node 'select_prediction' running 'DefaultPolicyPredictionEnsemble.combine_predictions_from_kwargs'.
2023-10-24 10:55:23 DEBUG    rasa.core.policies.ensemble  - Made prediction using user intent.
2023-10-24 10:55:23 DEBUG    rasa.core.policies.ensemble  - Added `DefinePrevUserUtteredFeaturization(False)` event.
2023-10-24 10:55:23 DEBUG    rasa.core.policies.ensemble  - Predicted next action using TEDPolicy.
2023-10-24 10:55:23 DEBUG    rasa.core.processor  - Predicted next action 'utter_closing_type_below' with confidence 0.93.
2023-10-24 10:55:23 DEBUG    rasa.core.processor  - [debug    ] processor.actions.policy_prediction prediction_events=[<rasa.shared.core.events.DefinePrevUserUtteredFeaturization object at 0x7f099cffe070>]
2023-10-24 10:55:23 DEBUG    rasa.core.processor  - [debug    ] processor.actions.log          action_name=utter_closing_type_below rasa_events=[BotUttered('Great. You can type in your feedback below and I'll share it with my team.', {"elements": null, "quick_replies": null, "buttons": null, "attachment": null, "image": null, "custom": null}, {"utter_action": "utter_closing_type_below"}, 1698166523.2955146)]
2023-10-24 10:55:23 DEBUG    rasa.engine.runner.dask  - Running graph with inputs: {'__tracker__': <rasa.shared.core.trackers.DialogueStateTracker object at 0x7f099c154d90>}, targets: ['select_prediction'] and ExecutionContext(model_id='3b1ceede0a7e4f0b901cb770e2867739', should_add_diagnostic_data=False, is_finetuning=False, node_name=None).
2023-10-24 10:55:23 DEBUG    rasa.engine.graph  - Node 'rule_only_data_provider' running 'RuleOnlyDataProvider.provide'.
2023-10-24 10:55:23 DEBUG    rasa.engine.graph  - Node 'domain_provider' running 'DomainProvider.provide_inference'.
2023-10-24 10:55:23 DEBUG    rasa.engine.graph  - Node 'run_MemoizationPolicy0' running 'MemoizationPolicy.predict_action_probabilities'.
2023-10-24 10:55:23 DEBUG    rasa.core.policies.memoization  - [debug    ] memoization.predict.actions    tracker_states=[{}, {'user': {'intent': 'intent_live_chat'}, 'prev_action': {'action_name': 'action_listen'}}, {'user': {'intent': 'intent_live_chat'}, 'prev_action': {'action_name': 'utter_live_chat'}}, {'user': {'intent': 'intent_live_chat'}, 'prev_action': {'action_name': 'utter_live_chat_feedback'}}, {'user': {'intent': 'intent_core_yes'}, 'prev_action': {'action_name': 'action_listen'}}, {'user': {'intent': 'intent_core_yes'}, 'prev_action': {'action_name': 'utter_closing_type_below'}}]
2023-10-24 10:55:23 DEBUG    rasa.core.policies.memoization  - There is no memorised next action
2023-10-24 10:55:23 DEBUG    rasa.engine.graph  - Node 'run_RulePolicy1' running 'RulePolicy.predict_action_probabilities'.
2023-10-24 10:55:23 DEBUG    rasa.core.policies.rule_policy  - [debug    ] rule_policy.actions.find       current_states=
[state 1] user intent: intent_live_chat | previous action name: action_listen
[state 2] user intent: intent_live_chat | previous action name: utter_live_chat
[state 3] user intent: intent_live_chat | previous action name: utter_live_chat_feedback
[state 4] user intent: intent_core_yes | previous action name: action_listen
[state 5] user intent: intent_core_yes | previous action name: utter_closing_type_below
2023-10-24 10:55:23 DEBUG    rasa.core.policies.rule_policy  - There is no applicable rule.
2023-10-24 10:55:23 DEBUG    rasa.engine.graph  - Node 'run_TEDPolicy2' running 'TEDPolicy.predict_action_probabilities'.
2023-10-24 10:55:23 DEBUG    rasa.core.policies.ted_policy  - TED predicted 'form_closing_feedback' based on user intent.
2023-10-24 10:55:23 DEBUG    rasa.engine.graph  - Node 'select_prediction' running 'DefaultPolicyPredictionEnsemble.combine_predictions_from_kwargs'.
2023-10-24 10:55:23 DEBUG    rasa.core.policies.ensemble  - Predicted next action using TEDPolicy.
2023-10-24 10:55:23 DEBUG    rasa.core.processor  - Predicted next action 'form_closing_feedback' with confidence 0.92.
2023-10-24 10:55:23 DEBUG    rasa.core.actions.forms  - Activated the form 'form_closing_feedback'.
2023-10-24 10:55:23 DEBUG    rasa.core.actions.forms  - Executing default action 'action_extract_slots' at form activation.
2023-10-24 10:55:23 DEBUG    rasa.core.actions.action  - Validating extracted slots: 
2023-10-24 10:55:23 DEBUG    rasa.core.actions.forms  - The execution of 'action_extract_slots' resulted in these events: .
2023-10-24 10:55:23 DEBUG    rasa.core.actions.forms  - No pre-filled required slots to validate.
2023-10-24 10:55:23 DEBUG    rasa.core.actions.forms  - There is no validation action 'validate_form_closing_feedback' to execute at form activation.
2023-10-24 10:55:23 DEBUG    rasa.core.actions.forms  - [debug    ] forms.validation.required      tracker_latest_message=<rasa.shared.core.events.UserUttered object at 0x7f099d01a1f0>
2023-10-24 10:55:23 DEBUG    rasa.core.actions.forms  - [debug    ] forms.slots.validate           slot_candidates={}
2023-10-24 10:55:23 DEBUG    rasa.core.actions.forms  - Request next slot 'closing_feedback'
2023-10-24 10:55:23 DEBUG    rasa.core.actions.forms  - There was no action found to ask for slot 'closing_feedback' name to be filled.
2023-10-24 10:55:23 DEBUG    rasa.core.processor  - [debug    ] processor.actions.policy_prediction prediction_events=[]
2023-10-24 10:55:23 DEBUG    rasa.core.processor  - [debug    ] processor.actions.log          action_name=form_closing_feedback rasa_events=[<rasa.shared.core.events.ActiveLoop object at 0x7f099d01a100>, SlotSet(key: requested_slot, value: closing_feedback)]
2023-10-24 10:55:23 DEBUG    rasa.core.processor  - [debug    ] processor.slots.log            slot_values=     closing_feedback: None
        requested_slot: closing_feedback
        session_started_metadata: None
2023-10-24 10:55:23 DEBUG    rasa.engine.runner.dask  - Running graph with inputs: {'__tracker__': <rasa.shared.core.trackers.DialogueStateTracker object at 0x7f099c154d90>}, targets: ['select_prediction'] and ExecutionContext(model_id='3b1ceede0a7e4f0b901cb770e2867739', should_add_diagnostic_data=False, is_finetuning=False, node_name=None).
2023-10-24 10:55:23 DEBUG    rasa.engine.graph  - Node 'rule_only_data_provider' running 'RuleOnlyDataProvider.provide'.
2023-10-24 10:55:23 DEBUG    rasa.engine.graph  - Node 'domain_provider' running 'DomainProvider.provide_inference'.
2023-10-24 10:55:23 DEBUG    rasa.engine.graph  - Node 'run_MemoizationPolicy0' running 'MemoizationPolicy.predict_action_probabilities'.
2023-10-24 10:55:23 DEBUG    rasa.core.policies.memoization  - [debug    ] memoization.predict.actions    tracker_states=[{}, {'user': {'intent': 'intent_live_chat'}, 'prev_action': {'action_name': 'action_listen'}}, {'user': {'intent': 'intent_live_chat'}, 'prev_action': {'action_name': 'utter_live_chat'}}, {'user': {'intent': 'intent_live_chat'}, 'prev_action': {'action_name': 'utter_live_chat_feedback'}}, {'user': {'intent': 'intent_core_yes'}, 'prev_action': {'action_name': 'action_listen'}}, {'user': {'intent': 'intent_core_yes'}, 'prev_action': {'action_name': 'utter_closing_type_below'}}, {'user': {'intent': 'intent_core_yes'}, 'prev_action': {'action_name': 'form_closing_feedback'}, 'active_loop': {'name': 'form_closing_feedback'}}]
2023-10-24 10:55:23 DEBUG    rasa.core.policies.memoization  - There is no memorised next action
2023-10-24 10:55:23 DEBUG    rasa.engine.graph  - Node 'run_RulePolicy1' running 'RulePolicy.predict_action_probabilities'.
2023-10-24 10:55:23 DEBUG    rasa.core.policies.rule_policy  - Predicted 'action_listen' after loop 'form_closing_feedback'.
2023-10-24 10:55:23 DEBUG    rasa.engine.graph  - Node 'run_TEDPolicy2' running 'TEDPolicy.predict_action_probabilities'.
2023-10-24 10:55:23 DEBUG    rasa.core.policies.ted_policy  - TED predicted 'action_listen' based on user intent.
2023-10-24 10:55:23 DEBUG    rasa.engine.graph  - Node 'select_prediction' running 'DefaultPolicyPredictionEnsemble.combine_predictions_from_kwargs'.
2023-10-24 10:55:23 DEBUG    rasa.core.policies.ensemble  - Predicted next action using RulePolicy.
2023-10-24 10:55:23 DEBUG    rasa.core.processor  - Predicted next action 'action_listen' with confidence 1.00.
2023-10-24 10:55:23 DEBUG    rasa.core.processor  - [debug    ] processor.actions.policy_prediction prediction_events=[]
2023-10-24 10:55:23 DEBUG    rasa.core.processor  - [debug    ] processor.actions.log          action_name=action_listen rasa_events=[]
2023-10-24 10:55:23 DEBUG    rasa.core.tracker_store  - No event broker configured. Skipping streaming events.
2023-10-24 10:55:23 DEBUG    rasa.core.lock_store  - Deleted lock for conversation '2cbd14f3609f4a5f911f6a274d6b4308'.
Great. You can type in your feedback below and I'll share it with my team.
Your input ->  stuff                                                                                                                                                                                                                                                                                                        
2023-10-24 10:55:26 DEBUG    rasa.core.lock_store  - Issuing ticket for conversation '2cbd14f3609f4a5f911f6a274d6b4308'.
2023-10-24 10:55:26 DEBUG    rasa.core.lock_store  - Acquiring lock for conversation '2cbd14f3609f4a5f911f6a274d6b4308'.
2023-10-24 10:55:26 DEBUG    rasa.core.lock_store  - Acquired lock for conversation '2cbd14f3609f4a5f911f6a274d6b4308'.
2023-10-24 10:55:26 DEBUG    rasa.core.tracker_store  - Recreating tracker for id '2cbd14f3609f4a5f911f6a274d6b4308'
2023-10-24 10:55:26 DEBUG    rasa.engine.runner.dask  - Running graph with inputs: {'__message__': [<rasa.core.channels.channel.UserMessage object at 0x7f099d2b75e0>], '__tracker__': <rasa.shared.core.trackers.DialogueStateTracker object at 0x7f099d2b7e50>}, targets: ['run_RegexMessageHandler'] and ExecutionContext(model_id='3b1ceede0a7e4f0b901cb770e2867739', should_add_diagnostic_data=False, is_finetuning=False, node_name=None).
2023-10-24 10:55:26 DEBUG    rasa.engine.graph  - Node 'nlu_message_converter' running 'NLUMessageConverter.convert_user_message'.
2023-10-24 10:55:26 DEBUG    rasa.engine.graph  - Node 'run_WhitespaceTokenizer0' running 'WhitespaceTokenizer.process'.
2023-10-24 10:55:26 DEBUG    rasa.engine.graph  - Node 'run_RegexFeaturizer1' running 'RegexFeaturizer.process'.
2023-10-24 10:55:26 DEBUG    rasa.engine.graph  - Node 'run_LexicalSyntacticFeaturizer2' running 'LexicalSyntacticFeaturizer.process'.
2023-10-24 10:55:26 DEBUG    rasa.engine.graph  - Node 'run_CountVectorsFeaturizer3' running 'CountVectorsFeaturizer.process'.
2023-10-24 10:55:26 DEBUG    rasa.engine.graph  - Node 'run_CountVectorsFeaturizer4' running 'CountVectorsFeaturizer.process'.
2023-10-24 10:55:26 DEBUG    rasa.engine.graph  - Node 'run_DIETClassifier5' running 'DIETClassifier.process'.
2023-10-24 10:55:26 DEBUG    rasa.engine.graph  - Node 'run_EntitySynonymMapper6' running 'EntitySynonymMapper.process'.
2023-10-24 10:55:26 DEBUG    rasa.engine.graph  - Node 'run_ResponseSelector7' running 'ResponseSelector.process'.
2023-10-24 10:55:26 DEBUG    rasa.nlu.classifiers.diet_classifier  - There is no trained model for 'ResponseSelector': The component is either not trained or didn't receive enough training data.
2023-10-24 10:55:26 DEBUG    rasa.nlu.selectors.response_selector  - Adding following selector key to message property: default
2023-10-24 10:55:26 DEBUG    rasa.engine.graph  - Node 'run_FallbackClassifier8' running 'FallbackClassifier.process'.
2023-10-24 10:55:26 DEBUG    rasa.engine.graph  - Node 'domain_provider' running 'DomainProvider.provide_inference'.
2023-10-24 10:55:26 DEBUG    rasa.engine.graph  - Node 'run_RegexMessageHandler' running 'RegexMessageHandler.process'.
2023-10-24 10:55:26 DEBUG    rasa.core.processor  - [debug    ] processor.message.parse        parse_data_entities=[] parse_data_intent={'name': 'intent_core_yes', 'confidence': 0.9992247819900513} parse_data_text=stuff
2023-10-24 10:55:26 DEBUG    rasa.core.processor  - Logged UserUtterance - tracker now has 19 events.
2023-10-24 10:55:26 DEBUG    rasa.core.actions.action  - Validating extracted slots: closing_feedback
2023-10-24 10:55:26 DEBUG    rasa.core.processor  - [debug    ] processor.extract.slots        action_extract_slot=action_extract_slots len_extraction_events=1 rasa_events=[SlotSet(key: closing_feedback, value: stuff)]
2023-10-24 10:55:26 DEBUG    rasa.engine.runner.dask  - Running graph with inputs: {'__tracker__': <rasa.shared.core.trackers.DialogueStateTracker object at 0x7f099d2b7e50>}, targets: ['select_prediction'] and ExecutionContext(model_id='3b1ceede0a7e4f0b901cb770e2867739', should_add_diagnostic_data=False, is_finetuning=False, node_name=None).
2023-10-24 10:55:26 DEBUG    rasa.engine.graph  - Node 'rule_only_data_provider' running 'RuleOnlyDataProvider.provide'.
2023-10-24 10:55:26 DEBUG    rasa.engine.graph  - Node 'domain_provider' running 'DomainProvider.provide_inference'.
2023-10-24 10:55:26 DEBUG    rasa.engine.graph  - Node 'run_MemoizationPolicy0' running 'MemoizationPolicy.predict_action_probabilities'.
2023-10-24 10:55:26 DEBUG    rasa.core.policies.memoization  - [debug    ] memoization.predict.actions    tracker_states=[{}, {'user': {'intent': 'intent_live_chat'}, 'prev_action': {'action_name': 'action_listen'}}, {'user': {'intent': 'intent_live_chat'}, 'prev_action': {'action_name': 'utter_live_chat'}}, {'user': {'intent': 'intent_live_chat'}, 'prev_action': {'action_name': 'utter_live_chat_feedback'}}, {'user': {'intent': 'intent_core_yes'}, 'prev_action': {'action_name': 'action_listen'}}, {'user': {'intent': 'intent_core_yes'}, 'prev_action': {'action_name': 'utter_closing_type_below'}}, {'user': {'intent': 'intent_core_yes'}, 'prev_action': {'action_name': 'form_closing_feedback'}, 'active_loop': {'name': 'form_closing_feedback'}}, {'user': {'intent': 'intent_core_yes'}, 'slots': {'closing_feedback': (1.0,)}, 'prev_action': {'action_name': 'action_listen'}, 'active_loop': {'name': 'form_closing_feedback'}}]
2023-10-24 10:55:26 DEBUG    rasa.core.policies.memoization  - There is no memorised next action
2023-10-24 10:55:26 DEBUG    rasa.engine.graph  - Node 'run_RulePolicy1' running 'RulePolicy.predict_action_probabilities'.
2023-10-24 10:55:26 DEBUG    rasa.core.policies.rule_policy  - [debug    ] rule_policy.actions.find       current_states=
[state 1] user intent: intent_live_chat | previous action name: action_listen
[state 2] user intent: intent_live_chat | previous action name: utter_live_chat
[state 3] user intent: intent_live_chat | previous action name: utter_live_chat_feedback
[state 4] user intent: intent_core_yes | previous action name: action_listen
[state 5] user intent: intent_core_yes | previous action name: utter_closing_type_below
[state 6] user intent: intent_core_yes | previous action name: form_closing_feedback | active loop: {'name': 'form_closing_feedback'}
[state 7] user text: stuff | previous action name: action_listen | active loop: {'name': 'form_closing_feedback'} | slots: {'closing_feedback': (1.0,)}
2023-10-24 10:55:26 DEBUG    rasa.core.policies.rule_policy  - There is no applicable rule.
2023-10-24 10:55:26 DEBUG    rasa.core.policies.rule_policy  - Predicted loop 'form_closing_feedback'.
2023-10-24 10:55:26 DEBUG    rasa.engine.graph  - Node 'run_TEDPolicy2' running 'TEDPolicy.predict_action_probabilities'.
2023-10-24 10:55:26 DEBUG    rasa.core.policies.ted_policy  - TED predicted 'utter_closing_type_below' based on user intent.
2023-10-24 10:55:26 DEBUG    rasa.engine.graph  - Node 'select_prediction' running 'DefaultPolicyPredictionEnsemble.combine_predictions_from_kwargs'.
2023-10-24 10:55:26 DEBUG    rasa.core.policies.ensemble  - Made prediction using user intent.
2023-10-24 10:55:26 DEBUG    rasa.core.policies.ensemble  - Added `DefinePrevUserUtteredFeaturization(False)` event.
2023-10-24 10:55:26 DEBUG    rasa.core.policies.ensemble  - Predicted next action using RulePolicy.
2023-10-24 10:55:26 DEBUG    rasa.core.processor  - Predicted next action 'form_closing_feedback' with confidence 1.00.
2023-10-24 10:55:26 DEBUG    rasa.core.actions.forms  - [debug    ] forms.validation.required      tracker_latest_message=<rasa.shared.core.events.UserUttered object at 0x7f099d205b20>
2023-10-24 10:55:26 DEBUG    rasa.core.actions.forms  - [debug    ] forms.slots.validate           slot_candidates={'closing_feedback': 'stuff'}
2023-10-24 10:55:26 DEBUG    rasa.core.actions.forms  - Deactivating the form 'form_closing_feedback'
2023-10-24 10:55:26 DEBUG    rasa.core.processor  - [debug    ] processor.actions.policy_prediction prediction_events=[<rasa.shared.core.events.DefinePrevUserUtteredFeaturization object at 0x7f099d205b20>]
2023-10-24 10:55:26 DEBUG    rasa.core.processor  - [debug    ] processor.actions.log          action_name=form_closing_feedback rasa_events=[SlotSet(key: requested_slot, value: None), <rasa.shared.core.events.ActiveLoop object at 0x7f099d205100>]
2023-10-24 10:55:26 DEBUG    rasa.core.processor  - [debug    ] processor.slots.log            slot_values=     closing_feedback: stuff
        requested_slot: None
        session_started_metadata: None
2023-10-24 10:55:26 DEBUG    rasa.engine.runner.dask  - Running graph with inputs: {'__tracker__': <rasa.shared.core.trackers.DialogueStateTracker object at 0x7f099d2b7e50>}, targets: ['select_prediction'] and ExecutionContext(model_id='3b1ceede0a7e4f0b901cb770e2867739', should_add_diagnostic_data=False, is_finetuning=False, node_name=None).
2023-10-24 10:55:26 DEBUG    rasa.engine.graph  - Node 'rule_only_data_provider' running 'RuleOnlyDataProvider.provide'.
2023-10-24 10:55:26 DEBUG    rasa.engine.graph  - Node 'domain_provider' running 'DomainProvider.provide_inference'.
2023-10-24 10:55:26 DEBUG    rasa.engine.graph  - Node 'run_MemoizationPolicy0' running 'MemoizationPolicy.predict_action_probabilities'.
2023-10-24 10:55:26 DEBUG    rasa.core.policies.memoization  - [debug    ] memoization.predict.actions    tracker_states=[{}, {'user': {'intent': 'intent_live_chat'}, 'prev_action': {'action_name': 'action_listen'}}, {'user': {'intent': 'intent_live_chat'}, 'prev_action': {'action_name': 'utter_live_chat'}}, {'user': {'intent': 'intent_live_chat'}, 'prev_action': {'action_name': 'utter_live_chat_feedback'}}, {'user': {'intent': 'intent_core_yes'}, 'prev_action': {'action_name': 'action_listen'}}, {'user': {'intent': 'intent_core_yes'}, 'prev_action': {'action_name': 'utter_closing_type_below'}}, {'user': {'intent': 'intent_core_yes'}, 'slots': {'closing_feedback': (1.0,)}, 'prev_action': {'action_name': 'form_closing_feedback'}}]
2023-10-24 10:55:26 DEBUG    rasa.core.policies.memoization  - There is no memorised next action
2023-10-24 10:55:26 DEBUG    rasa.engine.graph  - Node 'run_RulePolicy1' running 'RulePolicy.predict_action_probabilities'.
2023-10-24 10:55:26 DEBUG    rasa.core.policies.rule_policy  - [debug    ] rule_policy.actions.find       current_states=
[state 1] user intent: intent_live_chat | previous action name: action_listen
[state 2] user intent: intent_live_chat | previous action name: utter_live_chat
[state 3] user intent: intent_live_chat | previous action name: utter_live_chat_feedback
[state 4] user intent: intent_core_yes | previous action name: action_listen
[state 5] user intent: intent_core_yes | previous action name: utter_closing_type_below
[state 6] user intent: intent_core_yes | previous action name: form_closing_feedback | slots: {'closing_feedback': (1.0,)}
2023-10-24 10:55:26 DEBUG    rasa.core.policies.rule_policy  - There is a rule for the next action 'utter_closing_share_feedback'.
2023-10-24 10:55:26 DEBUG    rasa.engine.graph  - Node 'run_TEDPolicy2' running 'TEDPolicy.predict_action_probabilities'.
2023-10-24 10:55:26 DEBUG    rasa.core.policies.ted_policy  - TED predicted 'action_listen' based on user intent.
2023-10-24 10:55:26 DEBUG    rasa.engine.graph  - Node 'select_prediction' running 'DefaultPolicyPredictionEnsemble.combine_predictions_from_kwargs'.
2023-10-24 10:55:26 DEBUG    rasa.core.policies.ensemble  - Predicted next action using RulePolicy.
2023-10-24 10:55:26 DEBUG    rasa.core.processor  - Predicted next action 'utter_closing_share_feedback' with confidence 1.00.
2023-10-24 10:55:26 DEBUG    rasa.core.processor  - [debug    ] processor.actions.policy_prediction prediction_events=[]
2023-10-24 10:55:26 DEBUG    rasa.core.processor  - [debug    ] processor.actions.log          action_name=utter_closing_share_feedback rasa_events=[BotUttered(' I'll share that with my team to review.', {"elements": null, "quick_replies": null, "buttons": null, "attachment": null, "image": null, "custom": null}, {"utter_action": "utter_closing_share_feedback"}, 1698166526.4758723)]
2023-10-24 10:55:26 DEBUG    rasa.engine.runner.dask  - Running graph with inputs: {'__tracker__': <rasa.shared.core.trackers.DialogueStateTracker object at 0x7f099d2b7e50>}, targets: ['select_prediction'] and ExecutionContext(model_id='3b1ceede0a7e4f0b901cb770e2867739', should_add_diagnostic_data=False, is_finetuning=False, node_name=None).
2023-10-24 10:55:26 DEBUG    rasa.engine.graph  - Node 'rule_only_data_provider' running 'RuleOnlyDataProvider.provide'.
2023-10-24 10:55:26 DEBUG    rasa.engine.graph  - Node 'domain_provider' running 'DomainProvider.provide_inference'.
2023-10-24 10:55:26 DEBUG    rasa.engine.graph  - Node 'run_MemoizationPolicy0' running 'MemoizationPolicy.predict_action_probabilities'.
2023-10-24 10:55:26 DEBUG    rasa.core.policies.memoization  - [debug    ] memoization.predict.actions    tracker_states=[{}, {'user': {'intent': 'intent_live_chat'}, 'prev_action': {'action_name': 'action_listen'}}, {'user': {'intent': 'intent_live_chat'}, 'prev_action': {'action_name': 'utter_live_chat'}}, {'user': {'intent': 'intent_live_chat'}, 'prev_action': {'action_name': 'utter_live_chat_feedback'}}, {'user': {'intent': 'intent_core_yes'}, 'prev_action': {'action_name': 'action_listen'}}, {'user': {'intent': 'intent_core_yes'}, 'prev_action': {'action_name': 'utter_closing_type_below'}}, {'user': {'intent': 'intent_core_yes'}, 'slots': {'closing_feedback': (1.0,)}, 'prev_action': {'action_name': 'form_closing_feedback'}}]
2023-10-24 10:55:26 DEBUG    rasa.core.policies.memoization  - There is no memorised next action
2023-10-24 10:55:26 DEBUG    rasa.engine.graph  - Node 'run_RulePolicy1' running 'RulePolicy.predict_action_probabilities'.
2023-10-24 10:55:26 DEBUG    rasa.core.policies.rule_policy  - [debug    ] rule_policy.actions.find       current_states=
[state 1] user intent: intent_live_chat | previous action name: action_listen
[state 2] user intent: intent_live_chat | previous action name: utter_live_chat
[state 3] user intent: intent_live_chat | previous action name: utter_live_chat_feedback
[state 4] user intent: intent_core_yes | previous action name: action_listen
[state 5] user intent: intent_core_yes | previous action name: utter_closing_type_below
[state 6] user intent: intent_core_yes | previous action name: form_closing_feedback | slots: {'closing_feedback': (1.0,)}
[state 7] user intent: intent_core_yes | previous action name: utter_closing_share_feedback | slots: {'closing_feedback': (1.0,)}
2023-10-24 10:55:26 DEBUG    rasa.core.policies.rule_policy  - There is a rule for the next action 'utter_closing_finally'.
2023-10-24 10:55:26 DEBUG    rasa.engine.graph  - Node 'run_TEDPolicy2' running 'TEDPolicy.predict_action_probabilities'.
2023-10-24 10:55:26 DEBUG    rasa.core.policies.ted_policy  - TED predicted 'action_listen' based on user intent.
2023-10-24 10:55:26 DEBUG    rasa.engine.graph  - Node 'select_prediction' running 'DefaultPolicyPredictionEnsemble.combine_predictions_from_kwargs'.
2023-10-24 10:55:26 DEBUG    rasa.core.policies.ensemble  - Predicted next action using RulePolicy.
2023-10-24 10:55:26 DEBUG    rasa.core.processor  - Predicted next action 'utter_closing_finally' with confidence 1.00.
2023-10-24 10:55:26 DEBUG    rasa.core.processor  - [debug    ] processor.actions.policy_prediction prediction_events=[]
2023-10-24 10:55:26 DEBUG    rasa.core.processor  - [debug    ] processor.actions.log          action_name=utter_closing_finally rasa_events=[BotUttered('My team is continually training me so that I'm able to expand the ways I can help you. Your interactions and feedback are key to my ability to grow and learn.', {"elements": null, "quick_replies": null, "buttons": null, "attachment": null, "image": null, "custom": null}, {"utter_action": "utter_closing_finally"}, 1698166526.4957256)]
2023-10-24 10:55:26 DEBUG    rasa.engine.runner.dask  - Running graph with inputs: {'__tracker__': <rasa.shared.core.trackers.DialogueStateTracker object at 0x7f099d2b7e50>}, targets: ['select_prediction'] and ExecutionContext(model_id='3b1ceede0a7e4f0b901cb770e2867739', should_add_diagnostic_data=False, is_finetuning=False, node_name=None).
2023-10-24 10:55:26 DEBUG    rasa.engine.graph  - Node 'rule_only_data_provider' running 'RuleOnlyDataProvider.provide'.
2023-10-24 10:55:26 DEBUG    rasa.engine.graph  - Node 'domain_provider' running 'DomainProvider.provide_inference'.
2023-10-24 10:55:26 DEBUG    rasa.engine.graph  - Node 'run_MemoizationPolicy0' running 'MemoizationPolicy.predict_action_probabilities'.
2023-10-24 10:55:26 DEBUG    rasa.core.policies.memoization  - [debug    ] memoization.predict.actions    tracker_states=[{}, {'user': {'intent': 'intent_live_chat'}, 'prev_action': {'action_name': 'action_listen'}}, {'user': {'intent': 'intent_live_chat'}, 'prev_action': {'action_name': 'utter_live_chat'}}, {'user': {'intent': 'intent_live_chat'}, 'prev_action': {'action_name': 'utter_live_chat_feedback'}}, {'user': {'intent': 'intent_core_yes'}, 'prev_action': {'action_name': 'action_listen'}}, {'user': {'intent': 'intent_core_yes'}, 'prev_action': {'action_name': 'utter_closing_type_below'}}, {'user': {'intent': 'intent_core_yes'}, 'slots': {'closing_feedback': (1.0,)}, 'prev_action': {'action_name': 'form_closing_feedback'}}]
2023-10-24 10:55:26 DEBUG    rasa.core.policies.memoization  - There is no memorised next action
2023-10-24 10:55:26 DEBUG    rasa.engine.graph  - Node 'run_RulePolicy1' running 'RulePolicy.predict_action_probabilities'.
2023-10-24 10:55:26 DEBUG    rasa.core.policies.rule_policy  - [debug    ] rule_policy.actions.find       current_states=
[state 1] user intent: intent_live_chat | previous action name: action_listen
[state 2] user intent: intent_live_chat | previous action name: utter_live_chat
[state 3] user intent: intent_live_chat | previous action name: utter_live_chat_feedback
[state 4] user intent: intent_core_yes | previous action name: action_listen
[state 5] user intent: intent_core_yes | previous action name: utter_closing_type_below
[state 6] user intent: intent_core_yes | previous action name: form_closing_feedback | slots: {'closing_feedback': (1.0,)}
[state 7] user intent: intent_core_yes | previous action name: utter_closing_share_feedback | slots: {'closing_feedback': (1.0,)}
[state 8] user intent: intent_core_yes | previous action name: utter_closing_finally | slots: {'closing_feedback': (1.0,)}
2023-10-24 10:55:26 DEBUG    rasa.core.policies.rule_policy  - There is a rule for the next action 'utter_closing_anything_else'.
2023-10-24 10:55:26 DEBUG    rasa.engine.graph  - Node 'run_TEDPolicy2' running 'TEDPolicy.predict_action_probabilities'.
2023-10-24 10:55:26 DEBUG    rasa.core.policies.ted_policy  - TED predicted 'action_listen' based on user intent.
2023-10-24 10:55:26 DEBUG    rasa.engine.graph  - Node 'select_prediction' running 'DefaultPolicyPredictionEnsemble.combine_predictions_from_kwargs'.
2023-10-24 10:55:26 DEBUG    rasa.core.policies.ensemble  - Predicted next action using RulePolicy.
2023-10-24 10:55:26 DEBUG    rasa.core.processor  - Predicted next action 'utter_closing_anything_else' with confidence 1.00.
2023-10-24 10:55:26 DEBUG    rasa.core.processor  - [debug    ] processor.actions.policy_prediction prediction_events=[]
2023-10-24 10:55:26 DEBUG    rasa.core.processor  - [debug    ] processor.actions.log          action_name=utter_closing_anything_else rasa_events=[BotUttered('Is there anything else I can help you with today?', {"elements": null, "quick_replies": null, "buttons": null, "attachment": null, "image": null, "custom": null}, {"utter_action": "utter_closing_anything_else"}, 1698166526.5180302)]
2023-10-24 10:55:26 DEBUG    rasa.engine.runner.dask  - Running graph with inputs: {'__tracker__': <rasa.shared.core.trackers.DialogueStateTracker object at 0x7f099d2b7e50>}, targets: ['select_prediction'] and ExecutionContext(model_id='3b1ceede0a7e4f0b901cb770e2867739', should_add_diagnostic_data=False, is_finetuning=False, node_name=None).
2023-10-24 10:55:26 DEBUG    rasa.engine.graph  - Node 'rule_only_data_provider' running 'RuleOnlyDataProvider.provide'.
2023-10-24 10:55:26 DEBUG    rasa.engine.graph  - Node 'domain_provider' running 'DomainProvider.provide_inference'.
2023-10-24 10:55:26 DEBUG    rasa.engine.graph  - Node 'run_MemoizationPolicy0' running 'MemoizationPolicy.predict_action_probabilities'.
2023-10-24 10:55:26 DEBUG    rasa.core.policies.memoization  - [debug    ] memoization.predict.actions    tracker_states=[{}, {'user': {'intent': 'intent_live_chat'}, 'prev_action': {'action_name': 'action_listen'}}, {'user': {'intent': 'intent_live_chat'}, 'prev_action': {'action_name': 'utter_live_chat'}}, {'user': {'intent': 'intent_live_chat'}, 'prev_action': {'action_name': 'utter_live_chat_feedback'}}, {'user': {'intent': 'intent_core_yes'}, 'prev_action': {'action_name': 'action_listen'}}, {'user': {'intent': 'intent_core_yes'}, 'prev_action': {'action_name': 'utter_closing_type_below'}}, {'user': {'intent': 'intent_core_yes'}, 'slots': {'closing_feedback': (1.0,)}, 'prev_action': {'action_name': 'form_closing_feedback'}}]
2023-10-24 10:55:26 DEBUG    rasa.core.policies.memoization  - There is no memorised next action
2023-10-24 10:55:26 DEBUG    rasa.engine.graph  - Node 'run_RulePolicy1' running 'RulePolicy.predict_action_probabilities'.
2023-10-24 10:55:26 DEBUG    rasa.core.policies.rule_policy  - [debug    ] rule_policy.actions.find       current_states=
[state 1] user intent: intent_live_chat | previous action name: action_listen
[state 2] user intent: intent_live_chat | previous action name: utter_live_chat
[state 3] user intent: intent_live_chat | previous action name: utter_live_chat_feedback
[state 4] user intent: intent_core_yes | previous action name: action_listen
[state 5] user intent: intent_core_yes | previous action name: utter_closing_type_below
[state 6] user intent: intent_core_yes | previous action name: form_closing_feedback | slots: {'closing_feedback': (1.0,)}
[state 7] user intent: intent_core_yes | previous action name: utter_closing_share_feedback | slots: {'closing_feedback': (1.0,)}
[state 8] user intent: intent_core_yes | previous action name: utter_closing_finally | slots: {'closing_feedback': (1.0,)}
[state 9] user intent: intent_core_yes | previous action name: utter_closing_anything_else | slots: {'closing_feedback': (1.0,)}
2023-10-24 10:55:26 DEBUG    rasa.core.policies.rule_policy  - There is a rule for the next action 'action_listen'.
2023-10-24 10:55:26 DEBUG    rasa.engine.graph  - Node 'run_TEDPolicy2' running 'TEDPolicy.predict_action_probabilities'.
2023-10-24 10:55:26 DEBUG    rasa.core.policies.ted_policy  - TED predicted 'action_listen' based on user intent.
2023-10-24 10:55:26 DEBUG    rasa.engine.graph  - Node 'select_prediction' running 'DefaultPolicyPredictionEnsemble.combine_predictions_from_kwargs'.
2023-10-24 10:55:26 DEBUG    rasa.core.policies.ensemble  - Predicted next action using RulePolicy.
2023-10-24 10:55:26 DEBUG    rasa.core.processor  - Predicted next action 'action_listen' with confidence 1.00.
2023-10-24 10:55:26 DEBUG    rasa.core.processor  - [debug    ] processor.actions.policy_prediction prediction_events=[]
2023-10-24 10:55:26 DEBUG    rasa.core.processor  - [debug    ] processor.actions.log          action_name=action_listen rasa_events=[]
2023-10-24 10:55:26 DEBUG    rasa.core.tracker_store  - No event broker configured. Skipping streaming events.
2023-10-24 10:55:26 DEBUG    rasa.core.lock_store  - Deleted lock for conversation '2cbd14f3609f4a5f911f6a274d6b4308'.
I'll share that with my team to review.
My team is continually training me so that I'm able to expand the ways I can help you. Your interactions and feedback are key to my ability to grow and learn.
Is there anything else I can help you with today?
Your input ->  yes                                                                                                                                                                                                                                                                                                          
2023-10-24 10:55:29 DEBUG    rasa.core.lock_store  - Issuing ticket for conversation '2cbd14f3609f4a5f911f6a274d6b4308'.
2023-10-24 10:55:29 DEBUG    rasa.core.lock_store  - Acquiring lock for conversation '2cbd14f3609f4a5f911f6a274d6b4308'.
2023-10-24 10:55:29 DEBUG    rasa.core.lock_store  - Acquired lock for conversation '2cbd14f3609f4a5f911f6a274d6b4308'.
2023-10-24 10:55:29 DEBUG    rasa.core.tracker_store  - Recreating tracker for id '2cbd14f3609f4a5f911f6a274d6b4308'
2023-10-24 10:55:29 DEBUG    rasa.engine.runner.dask  - Running graph with inputs: {'__message__': [<rasa.core.channels.channel.UserMessage object at 0x7f098fb2aca0>], '__tracker__': <rasa.shared.core.trackers.DialogueStateTracker object at 0x7f098fb2adc0>}, targets: ['run_RegexMessageHandler'] and ExecutionContext(model_id='3b1ceede0a7e4f0b901cb770e2867739', should_add_diagnostic_data=False, is_finetuning=False, node_name=None).
2023-10-24 10:55:29 DEBUG    rasa.engine.graph  - Node 'nlu_message_converter' running 'NLUMessageConverter.convert_user_message'.
2023-10-24 10:55:29 DEBUG    rasa.engine.graph  - Node 'run_WhitespaceTokenizer0' running 'WhitespaceTokenizer.process'.
2023-10-24 10:55:29 DEBUG    rasa.engine.graph  - Node 'run_RegexFeaturizer1' running 'RegexFeaturizer.process'.
2023-10-24 10:55:29 DEBUG    rasa.engine.graph  - Node 'run_LexicalSyntacticFeaturizer2' running 'LexicalSyntacticFeaturizer.process'.
2023-10-24 10:55:29 DEBUG    rasa.engine.graph  - Node 'run_CountVectorsFeaturizer3' running 'CountVectorsFeaturizer.process'.
2023-10-24 10:55:29 DEBUG    rasa.engine.graph  - Node 'run_CountVectorsFeaturizer4' running 'CountVectorsFeaturizer.process'.
2023-10-24 10:55:29 DEBUG    rasa.engine.graph  - Node 'run_DIETClassifier5' running 'DIETClassifier.process'.
2023-10-24 10:55:29 DEBUG    rasa.engine.graph  - Node 'run_EntitySynonymMapper6' running 'EntitySynonymMapper.process'.
2023-10-24 10:55:29 DEBUG    rasa.engine.graph  - Node 'run_ResponseSelector7' running 'ResponseSelector.process'.
2023-10-24 10:55:29 DEBUG    rasa.nlu.classifiers.diet_classifier  - There is no trained model for 'ResponseSelector': The component is either not trained or didn't receive enough training data.
2023-10-24 10:55:29 DEBUG    rasa.nlu.selectors.response_selector  - Adding following selector key to message property: default
2023-10-24 10:55:29 DEBUG    rasa.engine.graph  - Node 'run_FallbackClassifier8' running 'FallbackClassifier.process'.
2023-10-24 10:55:29 DEBUG    rasa.engine.graph  - Node 'domain_provider' running 'DomainProvider.provide_inference'.
2023-10-24 10:55:29 DEBUG    rasa.engine.graph  - Node 'run_RegexMessageHandler' running 'RegexMessageHandler.process'.
2023-10-24 10:55:29 DEBUG    rasa.core.processor  - [debug    ] processor.message.parse        parse_data_entities=[] parse_data_intent={'name': 'intent_core_yes', 'confidence': 1.0} parse_data_text=yes
2023-10-24 10:55:29 DEBUG    rasa.core.processor  - Logged UserUtterance - tracker now has 32 events.
2023-10-24 10:55:29 DEBUG    rasa.core.actions.action  - Validating extracted slots: 
2023-10-24 10:55:29 DEBUG    rasa.core.processor  - [debug    ] processor.extract.slots        action_extract_slot=action_extract_slots len_extraction_events=0 rasa_events=[]
2023-10-24 10:55:29 DEBUG    rasa.engine.runner.dask  - Running graph with inputs: {'__tracker__': <rasa.shared.core.trackers.DialogueStateTracker object at 0x7f098fb2adc0>}, targets: ['select_prediction'] and ExecutionContext(model_id='3b1ceede0a7e4f0b901cb770e2867739', should_add_diagnostic_data=False, is_finetuning=False, node_name=None).
2023-10-24 10:55:29 DEBUG    rasa.engine.graph  - Node 'rule_only_data_provider' running 'RuleOnlyDataProvider.provide'.
2023-10-24 10:55:29 DEBUG    rasa.engine.graph  - Node 'domain_provider' running 'DomainProvider.provide_inference'.
2023-10-24 10:55:29 DEBUG    rasa.engine.graph  - Node 'run_MemoizationPolicy0' running 'MemoizationPolicy.predict_action_probabilities'.
2023-10-24 10:55:29 DEBUG    rasa.core.policies.memoization  - [debug    ] memoization.predict.actions    tracker_states=[{}, {'user': {'intent': 'intent_live_chat'}, 'prev_action': {'action_name': 'action_listen'}}, {'user': {'intent': 'intent_live_chat'}, 'prev_action': {'action_name': 'utter_live_chat'}}, {'user': {'intent': 'intent_live_chat'}, 'prev_action': {'action_name': 'utter_live_chat_feedback'}}, {'user': {'intent': 'intent_core_yes'}, 'prev_action': {'action_name': 'action_listen'}}, {'user': {'intent': 'intent_core_yes'}, 'prev_action': {'action_name': 'utter_closing_type_below'}}, {'user': {'intent': 'intent_core_yes'}, 'slots': {'closing_feedback': (1.0,)}, 'prev_action': {'action_name': 'form_closing_feedback'}}]
2023-10-24 10:55:29 DEBUG    rasa.core.policies.memoization  - There is no memorised next action
2023-10-24 10:55:29 DEBUG    rasa.engine.graph  - Node 'run_RulePolicy1' running 'RulePolicy.predict_action_probabilities'.
2023-10-24 10:55:29 DEBUG    rasa.core.policies.rule_policy  - [debug    ] rule_policy.actions.find       current_states=
[state 1] user intent: intent_live_chat | previous action name: action_listen
[state 2] user intent: intent_live_chat | previous action name: utter_live_chat
[state 3] user intent: intent_live_chat | previous action name: utter_live_chat_feedback
[state 4] user intent: intent_core_yes | previous action name: action_listen
[state 5] user intent: intent_core_yes | previous action name: utter_closing_type_below
[state 6] user intent: intent_core_yes | previous action name: form_closing_feedback | slots: {'closing_feedback': (1.0,)}
[state 7] user intent: intent_core_yes | previous action name: utter_closing_share_feedback | slots: {'closing_feedback': (1.0,)}
[state 8] user intent: intent_core_yes | previous action name: utter_closing_finally | slots: {'closing_feedback': (1.0,)}
[state 9] user intent: intent_core_yes | previous action name: utter_closing_anything_else | slots: {'closing_feedback': (1.0,)}
[state 10] user text: yes | previous action name: action_listen | slots: {'closing_feedback': (1.0,)}
2023-10-24 10:55:29 DEBUG    rasa.core.policies.rule_policy  - There is no applicable rule.
2023-10-24 10:55:29 DEBUG    rasa.core.policies.rule_policy  - [debug    ] rule_policy.actions.find       current_states=
[state 1] user intent: intent_live_chat | previous action name: action_listen
[state 2] user intent: intent_live_chat | previous action name: utter_live_chat
[state 3] user intent: intent_live_chat | previous action name: utter_live_chat_feedback
[state 4] user intent: intent_core_yes | previous action name: action_listen
[state 5] user intent: intent_core_yes | previous action name: utter_closing_type_below
[state 6] user intent: intent_core_yes | previous action name: form_closing_feedback | slots: {'closing_feedback': (1.0,)}
[state 7] user intent: intent_core_yes | previous action name: utter_closing_share_feedback | slots: {'closing_feedback': (1.0,)}
[state 8] user intent: intent_core_yes | previous action name: utter_closing_finally | slots: {'closing_feedback': (1.0,)}
[state 9] user intent: intent_core_yes | previous action name: utter_closing_anything_else | slots: {'closing_feedback': (1.0,)}
[state 10] user intent: intent_core_yes | previous action name: action_listen | slots: {'closing_feedback': (1.0,)}
2023-10-24 10:55:29 DEBUG    rasa.core.policies.rule_policy  - There is no applicable rule.
2023-10-24 10:55:29 DEBUG    rasa.engine.graph  - Node 'run_TEDPolicy2' running 'TEDPolicy.predict_action_probabilities'.
2023-10-24 10:55:29 DEBUG    rasa.core.policies.ted_policy  - TED predicted 'action_listen' based on user intent.
2023-10-24 10:55:29 DEBUG    rasa.engine.graph  - Node 'select_prediction' running 'DefaultPolicyPredictionEnsemble.combine_predictions_from_kwargs'.
2023-10-24 10:55:29 DEBUG    rasa.core.policies.ensemble  - Made prediction using user intent.
2023-10-24 10:55:29 DEBUG    rasa.core.policies.ensemble  - Added `DefinePrevUserUtteredFeaturization(False)` event.
2023-10-24 10:55:29 DEBUG    rasa.core.policies.ensemble  - Predicted next action using TEDPolicy.
2023-10-24 10:55:29 DEBUG    rasa.core.processor  - Predicted next action 'action_listen' with confidence 1.00.
2023-10-24 10:55:29 DEBUG    rasa.core.processor  - [debug    ] processor.actions.policy_prediction prediction_events=[<rasa.shared.core.events.DefinePrevUserUtteredFeaturization object at 0x7f098fb21be0>]
2023-10-24 10:55:29 DEBUG    rasa.core.processor  - [debug    ] processor.actions.log          action_name=action_listen rasa_events=[]
2023-10-24 10:55:29 DEBUG    rasa.core.tracker_store  - No event broker configured. Skipping streaming events.
2023-10-24 10:55:29 DEBUG    rasa.core.lock_store  - Deleted lock for conversation '2cbd14f3609f4a5f911f6a274d6b4308'.
Your input ->                                         
